<?xml version="1.0" encoding="UTF-8"?>
<!-- Generated by org.testng.reporters.JUnitReportReporter -->
<testsuite skipped="5" hostname="madhavs-MacBook-Air.local" name="TestNG.loginPage" tests="6" failures="0" timestamp="2022-05-27T20:10:57 IST" time="7.321" errors="1">
  <testcase name="setup" time="7.321" classname="TestNG.loginPage">
    <error type="org.openqa.selenium.SessionNotCreatedException" message="session not created: This version of ChromeDriver only supports Chrome version 100
Current browser version is 102.0.5005.61 with binary path /Applications/Google Chrome.app/Contents/MacOS/Google Chrome
Build info: version: &#039;3.141.59&#039;, revision: &#039;e82be7d358&#039;, time: &#039;2018-11-14T08:25:48&#039;
System info: host: &#039;madhavs-MacBook-Air.local&#039;, ip: &#039;fe80:0:0:0:143a:17a1:23eb:be50%en0&#039;, os.name: &#039;Mac OS X&#039;, os.arch: &#039;x86_64&#039;, os.version: &#039;12.3&#039;, java.version: &#039;1.8.0_321&#039;
Driver info: driver.version: ChromeDriver
remote stacktrace: 0   chromedriver                        0x0000000104c9bc34 chromedriver + 4406324
1   chromedriver                        0x0000000104c35290 chromedriver + 3986064
2   chromedriver                        0x000000010489684c chromedriver + 190540
3   chromedriver                        0x00000001048b8200 chromedriver + 328192
4   chromedriver                        0x00000001048b4c48 chromedriver + 314440
5   chromedriver                        0x00000001048b1c30 chromedriver + 302128
6   chromedriver                        0x00000001048e2db8 chromedriver + 503224
7   chromedriver                        0x00000001048ba864 chromedriver + 338020
8   chromedriver                        0x0000000104c61320 chromedriver + 4166432
9   chromedriver                        0x0000000104c76748 chromedriver + 4253512
10  chromedriver                        0x0000000104c7acbc chromedriver + 4271292
11  chromedriver                        0x0000000104c77004 chromedriver + 4255748
12  chromedriver                        0x0000000104c5708c chromedriver + 4124812
13  chromedriver                        0x0000000104c8ebf8 chromedriver + 4353016
14  chromedriver                        0x0000000104c8ed5c chromedriver + 4353372
15  chromedriver                        0x0000000104ca2438 chromedriver + 4432952
16  libsystem_pthread.dylib             0x00000001a031e26c _pthread_start + 148
17  libsystem_pthread.dylib             0x00000001a031908c thread_start + 8
">
      <![CDATA[org.openqa.selenium.SessionNotCreatedException: session not created: This version of ChromeDriver only supports Chrome version 100
Current browser version is 102.0.5005.61 with binary path /Applications/Google Chrome.app/Contents/MacOS/Google Chrome
Build info: version: '3.141.59', revision: 'e82be7d358', time: '2018-11-14T08:25:48'
System info: host: 'madhavs-MacBook-Air.local', ip: 'fe80:0:0:0:143a:17a1:23eb:be50%en0', os.name: 'Mac OS X', os.arch: 'x86_64', os.version: '12.3', java.version: '1.8.0_321'
Driver info: driver.version: ChromeDriver
remote stacktrace: 0   chromedriver                        0x0000000104c9bc34 chromedriver + 4406324
1   chromedriver                        0x0000000104c35290 chromedriver + 3986064
2   chromedriver                        0x000000010489684c chromedriver + 190540
3   chromedriver                        0x00000001048b8200 chromedriver + 328192
4   chromedriver                        0x00000001048b4c48 chromedriver + 314440
5   chromedriver                        0x00000001048b1c30 chromedriver + 302128
6   chromedriver                        0x00000001048e2db8 chromedriver + 503224
7   chromedriver                        0x00000001048ba864 chromedriver + 338020
8   chromedriver                        0x0000000104c61320 chromedriver + 4166432
9   chromedriver                        0x0000000104c76748 chromedriver + 4253512
10  chromedriver                        0x0000000104c7acbc chromedriver + 4271292
11  chromedriver                        0x0000000104c77004 chromedriver + 4255748
12  chromedriver                        0x0000000104c5708c chromedriver + 4124812
13  chromedriver                        0x0000000104c8ebf8 chromedriver + 4353016
14  chromedriver                        0x0000000104c8ed5c chromedriver + 4353372
15  chromedriver                        0x0000000104ca2438 chromedriver + 4432952
16  libsystem_pthread.dylib             0x00000001a031e26c _pthread_start + 148
17  libsystem_pthread.dylib             0x00000001a031908c thread_start + 8

at sun.reflect.NativeConstructorAccessorImpl.newInstance0(Native Method)
at sun.reflect.NativeConstructorAccessorImpl.newInstance(NativeConstructorAccessorImpl.java:62)
at sun.reflect.DelegatingConstructorAccessorImpl.newInstance(DelegatingConstructorAccessorImpl.java:45)
at java.lang.reflect.Constructor.newInstance(Constructor.java:423)
at org.openqa.selenium.remote.W3CHandshakeResponse.lambda$errorHandler$0(W3CHandshakeResponse.java:62)
at org.openqa.selenium.remote.HandshakeResponse.lambda$getResponseFunction$0(HandshakeResponse.java:30)
at org.openqa.selenium.remote.ProtocolHandshake.lambda$createSession$0(ProtocolHandshake.java:126)
at java.util.stream.ReferencePipeline$3$1.accept(ReferencePipeline.java:193)
at java.util.Spliterators$ArraySpliterator.tryAdvance(Spliterators.java:958)
at java.util.stream.ReferencePipeline.forEachWithCancel(ReferencePipeline.java:126)
at java.util.stream.AbstractPipeline.copyIntoWithCancel(AbstractPipeline.java:499)
at java.util.stream.AbstractPipeline.copyInto(AbstractPipeline.java:486)
at java.util.stream.AbstractPipeline.wrapAndCopyInto(AbstractPipeline.java:472)
at java.util.stream.FindOps$FindOp.evaluateSequential(FindOps.java:152)
at java.util.stream.AbstractPipeline.evaluate(AbstractPipeline.java:234)
at java.util.stream.ReferencePipeline.findFirst(ReferencePipeline.java:464)
at org.openqa.selenium.remote.ProtocolHandshake.createSession(ProtocolHandshake.java:128)
at org.openqa.selenium.remote.ProtocolHandshake.createSession(ProtocolHandshake.java:74)
at org.openqa.selenium.remote.HttpCommandExecutor.execute(HttpCommandExecutor.java:136)
at org.openqa.selenium.remote.service.DriverCommandExecutor.execute(DriverCommandExecutor.java:83)
at org.openqa.selenium.remote.RemoteWebDriver.execute(RemoteWebDriver.java:552)
at org.openqa.selenium.remote.RemoteWebDriver.startSession(RemoteWebDriver.java:213)
at org.openqa.selenium.remote.RemoteWebDriver.<init>(RemoteWebDriver.java:131)
at org.openqa.selenium.chrome.ChromeDriver.<init>(ChromeDriver.java:181)
at org.openqa.selenium.chrome.ChromeDriver.<init>(ChromeDriver.java:168)
at org.openqa.selenium.chrome.ChromeDriver.<init>(ChromeDriver.java:123)
at TestNG.loginPage.setup(loginPage.java:23)
at sun.reflect.NativeMethodAccessorImpl.invoke0(Native Method)
at sun.reflect.NativeMethodAccessorImpl.invoke(NativeMethodAccessorImpl.java:62)
at sun.reflect.DelegatingMethodAccessorImpl.invoke(DelegatingMethodAccessorImpl.java:43)
at java.lang.reflect.Method.invoke(Method.java:498)
at org.testng.internal.MethodInvocationHelper.invokeMethod(MethodInvocationHelper.java:133)
at org.testng.internal.MethodInvocationHelper.invokeMethodConsideringTimeout(MethodInvocationHelper.java:62)
at org.testng.internal.ConfigInvoker.invokeConfigurationMethod(ConfigInvoker.java:385)
at org.testng.internal.ConfigInvoker.invokeConfigurations(ConfigInvoker.java:321)
at org.testng.internal.TestInvoker.runConfigMethods(TestInvoker.java:700)
at org.testng.internal.TestInvoker.invokeMethod(TestInvoker.java:527)
at org.testng.internal.TestInvoker.invokeTestMethod(TestInvoker.java:173)
at org.testng.internal.MethodRunner.runInSequence(MethodRunner.java:46)
at org.testng.internal.TestInvoker$MethodInvocationAgent.invoke(TestInvoker.java:824)
at org.testng.internal.TestInvoker.invokeTestMethods(TestInvoker.java:146)
at org.testng.internal.TestMethodWorker.invokeTestMethods(TestMethodWorker.java:146)
at org.testng.internal.TestMethodWorker.run(TestMethodWorker.java:128)
at java.util.ArrayList.forEach(ArrayList.java:1259)
at org.testng.TestRunner.privateRun(TestRunner.java:794)
at org.testng.TestRunner.run(TestRunner.java:596)
at org.testng.SuiteRunner.runTest(SuiteRunner.java:377)
at org.testng.SuiteRunner.runSequentially(SuiteRunner.java:371)
at org.testng.SuiteRunner.privateRun(SuiteRunner.java:332)
at org.testng.SuiteRunner.run(SuiteRunner.java:276)
at org.testng.SuiteRunnerWorker.runSuite(SuiteRunnerWorker.java:53)
at org.testng.SuiteRunnerWorker.run(SuiteRunnerWorker.java:96)
at org.testng.TestNG.runSuitesSequentially(TestNG.java:1212)
at org.testng.TestNG.runSuitesLocally(TestNG.java:1134)
at org.testng.TestNG.runSuites(TestNG.java:1063)
at org.testng.TestNG.run(TestNG.java:1031)
at org.testng.remote.AbstractRemoteTestNG.run(AbstractRemoteTestNG.java:115)
at org.testng.remote.RemoteTestNG.initAndRun(RemoteTestNG.java:251)
at org.testng.remote.RemoteTestNG.main(RemoteTestNG.java:77)
]]>
    </error>
  </testcase> <!-- setup -->
  <system-out/>
  <testcase name="GmaillinkTest" time="0.000" classname="TestNG.loginPage">
    <skipped/>
  </testcase> <!-- GmaillinkTest -->
  <system-out/>
  <testcase name="GoogleTitleTest" time="0.000" classname="TestNG.loginPage">
    <skipped/>
  </testcase> <!-- GoogleTitleTest -->
  <system-out/>
  <testcase name="Test5" time="0.000" classname="TestNG.loginPage">
    <skipped/>
  </testcase> <!-- Test5 -->
  <system-out/>
  <testcase name="Test4" time="0.000" classname="TestNG.loginPage">
    <skipped/>
  </testcase> <!-- Test4 -->
  <system-out/>
  <testcase name="Test3" time="0.000" classname="TestNG.loginPage">
    <skipped/>
  </testcase> <!-- Test3 -->
  <system-out/>
</testsuite> <!-- TestNG.loginPage -->
